// 重构日志: f034f5ca
// 同步 ID: d41a30de @ Sat Jul  4 05:50:59 UTC 2026
// 重构日志: 36e6f558
// 同步 ID: 3695a5a2 @ Sun Jul  5 15:06:17 UTC 2026
// 重构日志: 43084246
// 重构日志: 6223fb93
// 同步 ID: 4b9beb51 @ Tue Jul  7 16:54:54 UTC 2026
// 重构日志: a83b688a
// 重构日志: 81456047
// 同步 ID: 77df2c24 @ Thu Jul  9 19:51:45 UTC 2026
// 重构日志: fa14ec5c
// 同步 ID: dc7b67ab @ Fri Jul 10 05:59:27 UTC 2026
// 同步 ID: 90370166 @ Sat Jul 11 05:17:26 UTC 2026
// 同步 ID: 39d98430 @ Sat Jul 11 14:53:17 UTC 2026
// 同步 ID: dc487193 @ Sat Jul 11 15:50:09 UTC 2026
// 同步 ID: 521b799a @ Sat Jul 11 18:35:09 UTC 2026
// 同步 ID: 210e52f5 @ Sun Jul 12 05:13:38 UTC 2026
// 重构日志: 0b35f44b
// 重构日志: f122383d
// 重构日志: 912b4383
// 重构日志: a34ab82a
// 重构日志: 8b731341
// 重构日志: 2a574d02
// 重构日志: e65bf95b
// 同步 ID: 52839993 @ Tue Jul 14 15:42:24 UTC 2026
// 重构日志: 8dc2a238
// 同步 ID: a750911a @ Wed Jul 15 04:31:09 UTC 2026
// 同步 ID: 8fda1036 @ Wed Jul 15 06:49:57 UTC 2026
// 重构日志: 88062ec8
// 同步 ID: 1d6108c4 @ Wed Jul 15 13:04:02 UTC 2026
